2022-06-02 20:42:00,763 WARNING [default] Attempting to get height of invalid bitmap
2022-06-02 20:42:00,763 WARNING [default] Attempting to get width of invalid bitmap
2022-06-02 20:42:00,764 WARNING [default] Cannot add non-existing bitmap as layer to sprite
2022-06-02 20:42:00,764 WARNING [default] Cannot add non-existing bitmap as layer to sprite
2022-06-02 20:42:00,764 WARNING [default] Attempting to get width of invalid window
2022-06-02 20:42:00,764 WARNING [default] Attempting to read details of invalid bitmap
2022-06-02 20:42:00,764 WARNING [default] Attempting to get height of invalid window
2022-06-02 20:42:00,764 WARNING [default] Attempting to read details of invalid bitmap
2022-06-02 20:48:01,221 WARNING [default] Attempting to get height of invalid bitmap
2022-06-02 20:48:01,221 WARNING [default] Attempting to get width of invalid bitmap
2022-06-02 20:48:01,221 WARNING [default] Cannot add non-existing bitmap as layer to sprite
2022-06-02 20:48:01,222 WARNING [default] Cannot add non-existing bitmap as layer to sprite
2022-06-02 20:48:01,222 WARNING [default] Attempting to get width of invalid window
2022-06-02 20:48:01,222 WARNING [default] Attempting to read details of invalid bitmap
2022-06-02 20:48:01,222 WARNING [default] Attempting to get height of invalid window
2022-06-02 20:48:01,222 WARNING [default] Attempting to read details of invalid bitmap
2022-06-02 20:49:43,294 WARNING [default] Attempting to get height of invalid bitmap
2022-06-02 20:49:43,295 WARNING [default] Attempting to get width of invalid bitmap
2022-06-02 20:49:43,295 WARNING [default] Cannot add non-existing bitmap as layer to sprite
2022-06-02 20:49:43,295 WARNING [default] Cannot add non-existing bitmap as layer to sprite
2022-06-02 20:49:43,295 WARNING [default] Attempting to get width of invalid window
2022-06-02 20:49:43,295 WARNING [default] Attempting to read details of invalid bitmap
2022-06-02 20:49:43,295 WARNING [default] Attempting to get height of invalid window
2022-06-02 20:49:43,295 WARNING [default] Attempting to read details of invalid bitmap
2022-06-02 20:55:45,151 WARNING [default] Attempting to get height of invalid bitmap
2022-06-02 20:55:45,151 WARNING [default] Attempting to get width of invalid bitmap
2022-06-02 20:55:45,152 WARNING [default] Cannot add non-existing bitmap as layer to sprite
2022-06-02 20:55:45,152 WARNING [default] Cannot add non-existing bitmap as layer to sprite
2022-06-02 20:55:45,152 WARNING [default] Attempting to get width of invalid window
2022-06-02 20:55:45,152 WARNING [default] Attempting to read details of invalid bitmap
2022-06-02 20:55:45,152 WARNING [default] Attempting to get height of invalid window
2022-06-02 20:55:45,152 WARNING [default] Attempting to read details of invalid bitmap
2022-06-02 21:00:32,246 WARNING [default] Attempting to get height of invalid bitmap
2022-06-02 21:00:32,246 WARNING [default] Attempting to get width of invalid bitmap
2022-06-02 21:00:32,246 WARNING [default] Cannot add non-existing bitmap as layer to sprite
2022-06-02 21:00:32,247 WARNING [default] Cannot add non-existing bitmap as layer to sprite
2022-06-02 21:00:32,247 WARNING [default] Attempting to get width of invalid window
2022-06-02 21:00:32,247 WARNING [default] Attempting to read details of invalid bitmap
2022-06-02 21:00:32,247 WARNING [default] Attempting to get height of invalid window
2022-06-02 21:00:32,247 WARNING [default] Attempting to read details of invalid bitmap
